Arguments: 
  /usr/local/bin/node /usr/local/Cellar/yarn/1.22.4/libexec/bin/yarn.js init

PATH: 
  /usr/local/sbin:/usr/local/sbin:/usr/local/sbin:/usr/local/sbin:/usr/local/sbin:/usr/local/sbin:/usr/local/bin:/usr/bin:/bin:/usr/sbin:/sbin:/usr/local/share/dotnet:/opt/X11/bin:~/.dotnet/tools:/Library/Frameworks/Mono.framework/Versions/Current/Commands:/usr/local/mysql/bin

Yarn version: 
  1.22.4

Node version: 
  16.13.0

Platform: 
  darwin x64

Trace: 
  Error: canceled
      at Interface.<anonymous> (/usr/local/Cellar/yarn/1.22.4/libexec/lib/cli.js:137008:13)
      at Interface.emit (node:events:390:28)
      at Interface._ttyWrite (node:readline:1081:16)
      at ReadStream.onkeypress (node:readline:288:10)
      at ReadStream.emit (node:events:390:28)
      at emitKeys (node:internal/readline/utils:358:14)
      at emitKeys.next (<anonymous>)
      at ReadStream.onData (node:internal/readline/emitKeypressEvents:61:36)
      at ReadStream.emit (node:events:390:28)
      at addChunk (node:internal/streams/readable:315:12)

npm manifest: 
  {
    "name": "hot-pmovil",
    "version": "0.1.0",
    "private": true,
    "scripts": {
      "dev": "next dev",
      "dev-ssl": "(local-ssl-proxy --source 8080 --target 3000) & next dev",
      "build": "next build",
      "start": "next start"
    },
    "dependencies": {
      "@material-ui/core": "^4.12.3",
      "@material-ui/icons": "^4.11.2",
      "@material-ui/styles": "^4.11.4",
      "axios": "^0.24.0",
      "bootstrap": "5.1.3",
      "grapesjs": "^0.17.29",
      "grapesjs-preset-newsletter": "^0.2.21",
      "grapesjs-preset-webpage": "^0.1.11",
      "jquery": "^3.6.0",
      "jsdom": "^18.1.1",
      "next": "12.0.3",
      "react": "17.0.2",
      "react-bootstrap": "^2.0.2",
      "react-dom": "17.0.2"
    }
  }

yarn manifest: 
  No manifest

Lockfile: 
  # THIS IS AN AUTOGENERATED FILE. DO NOT EDIT THIS FILE DIRECTLY.
  # yarn lockfile v1
  
  
  "@babel/code-frame@7.12.11":
    "integrity" "sha512-Zt1yodBx1UcyiePMSkWnU4hPqhwq7hGi2nFL1LeA3EUl+q2LQx16MISgJ0+z7dnmgvP9QtIleuETGOiOH1RcIw=="
    "resolved" "https://registry.npmjs.org/@babel/code-frame/-/code-frame-7.12.11.tgz"
    "version" "7.12.11"
    dependencies:
      "@babel/highlight" "^7.10.4"
  
  "@babel/helper-plugin-utils@^7.14.5":
    "integrity" "sha512-/37qQCE3K0vvZKwoK4XU/irIJQdIfCJuhU5eKnNxpFDsOkgFaUAwbv+RYw6eYgsC0E4hS7r5KqGULUogqui0fQ=="
    "resolved" "https://registry.npmjs.org/@babel/helper-plugin-utils/-/helper-plugin-utils-7.14.5.tgz"
    "version" "7.14.5"
  
  "@babel/helper-validator-identifier@^7.14.9", "@babel/helper-validator-identifier@^7.15.7":
    "integrity" "sha512-K4JvCtQqad9OY2+yTU8w+E82ywk/fe+ELNlt1G8z3bVGlZfn/hOcQQsUhGhW/N+tb3fxK800wLtKOE/aM0m72w=="
    "resolved" "https://registry.npmjs.org/@babel/helper-validator-identifier/-/helper-validator-identifier-7.15.7.tgz"
    "version" "7.15.7"
  
  "@babel/highlight@^7.10.4":
    "integrity" "sha512-t8MH41kUQylBtu2+4IQA3atqevA2lRgqA2wyVB/YiWmsDSuylZZuXOUy9ric30hfzauEFfdsuk/eXTRrGrfd0g=="
    "resolved" "https://registry.npmjs.org/@babel/highlight/-/highlight-7.16.0.tgz"
    "version" "7.16.0"
    dependencies:
      "@babel/helper-validator-identifier" "^7.15.7"
      "chalk" "^2.0.0"
      "js-tokens" "^4.0.0"
  
  "@babel/plugin-syntax-jsx@7.14.5":
    "integrity" "sha512-ohuFIsOMXJnbOMRfX7/w7LocdR6R7whhuRD4ax8IipLcLPlZGJKkBxgHp++U4N/vKyU16/YDQr2f5seajD3jIw=="
    "resolved" "https://registry.npmjs.org/@babel/plugin-syntax-jsx/-/plugin-syntax-jsx-7.14.5.tgz"
    "version" "7.14.5"
    dependencies:
      "@babel/helper-plugin-utils" "^7.14.5"
  
  "@babel/runtime@^7.13.16", "@babel/runtime@^7.14.0", "@babel/runtime@^7.3.1", "@babel/runtime@^7.4.4", "@babel/runtime@^7.5.5", "@babel/runtime@^7.6.2", "@babel/runtime@^7.6.3", "@babel/runtime@^7.8.3", "@babel/runtime@^7.8.7":
    "version" "7.16.3"
    dependencies:
      "regenerator-runtime" "^0.13.4"
  
  "@babel/runtime@7.15.4":
    "integrity" "sha512-99catp6bHCaxr4sJ/DbTGgHS4+Rs2RVd2g7iOap6SLGPDknRK9ztKNsE/Fg6QhSeh1FGE5f6gHGQmvvn3I3xhw=="
    "resolved" "https://registry.npmjs.org/@babel/runtime/-/runtime-7.15.4.tgz"
    "version" "7.15.4"
    dependencies:
      "regenerator-runtime" "^0.13.4"
  
  "@babel/types@7.15.0":
    "version" "7.15.0"
    dependencies:
      "@babel/helper-validator-identifier" "^7.14.9"
      "to-fast-properties" "^2.0.0"
  
  "@emotion/hash@^0.8.0":
    "version" "0.8.0"
  
  "@hapi/accept@5.0.2":
    "version" "5.0.2"
    dependencies:
      "@hapi/boom" "9.x.x"
      "@hapi/hoek" "9.x.x"
  
  "@hapi/boom@9.x.x":
    "version" "9.1.4"
    dependencies:
      "@hapi/hoek" "9.x.x"
  
  "@hapi/hoek@9.x.x":
    "version" "9.2.1"
  
  "@material-ui/core@^4.0.0", "@material-ui/core@^4.12.3":
    "version" "4.12.3"
    dependencies:
      "@babel/runtime" "^7.4.4"
      "@material-ui/styles" "^4.11.4"
      "@material-ui/system" "^4.12.1"
      "@material-ui/types" "5.1.0"
      "@material-ui/utils" "^4.11.2"
      "@types/react-transition-group" "^4.2.0"
      "clsx" "^1.0.4"
      "hoist-non-react-statics" "^3.3.2"
      "popper.js" "1.16.1-lts"
      "prop-types" "^15.7.2"
      "react-is" "^16.8.0 || ^17.0.0"
      "react-transition-group" "^4.4.0"
  
  "@material-ui/icons@^4.11.2":
    "version" "4.11.2"
    dependencies:
      "@babel/runtime" "^7.4.4"
  
  "@material-ui/styles@^4.11.4":
    "version" "4.11.4"
    dependencies:
      "@babel/runtime" "^7.4.4"
      "@emotion/hash" "^0.8.0"
      "@material-ui/types" "5.1.0"
      "@material-ui/utils" "^4.11.2"
      "clsx" "^1.0.4"
      "csstype" "^2.5.2"
      "hoist-non-react-statics" "^3.3.2"
      "jss" "^10.5.1"
      "jss-plugin-camel-case" "^10.5.1"
      "jss-plugin-default-unit" "^10.5.1"
      "jss-plugin-global" "^10.5.1"
      "jss-plugin-nested" "^10.5.1"
      "jss-plugin-props-sort" "^10.5.1"
      "jss-plugin-rule-value-function" "^10.5.1"
      "jss-plugin-vendor-prefixer" "^10.5.1"
      "prop-types" "^15.7.2"
  
  "@material-ui/system@^4.12.1":
    "version" "4.12.1"
    dependencies:
      "@babel/runtime" "^7.4.4"
      "@material-ui/utils" "^4.11.2"
      "csstype" "^2.5.2"
      "prop-types" "^15.7.2"
  
  "@material-ui/types@5.1.0":
    "version" "5.1.0"
  
  "@material-ui/utils@^4.11.2":
    "version" "4.11.2"
    dependencies:
      "@babel/runtime" "^7.4.4"
      "prop-types" "^15.7.2"
      "react-is" "^16.8.0 || ^17.0.0"
  
  "@napi-rs/triples@1.0.3":
    "version" "1.0.3"
  
  "@next/env@12.0.3":
    "version" "12.0.3"
  
  "@next/polyfill-module@12.0.3":
    "version" "12.0.3"
  
  "@next/react-dev-overlay@12.0.3":
    "version" "12.0.3"
    dependencies:
      "@babel/code-frame" "7.12.11"
      "anser" "1.4.9"
      "chalk" "4.0.0"
      "classnames" "2.2.6"
      "css.escape" "1.5.1"
      "data-uri-to-buffer" "3.0.1"
      "platform" "1.3.6"
      "shell-quote" "1.7.3"
      "source-map" "0.8.0-beta.0"
      "stacktrace-parser" "0.1.10"
      "strip-ansi" "6.0.1"
  
  "@next/react-refresh-utils@12.0.3":
    "version" "12.0.3"
  
  "@next/swc-darwin-x64@12.0.3":
    "version" "12.0.3"
  
  "@popperjs/core@^2.10.1", "@popperjs/core@^2.10.2":
    "version" "2.11.0"
  
  "@react-aria/ssr@^3.0.1":
    "version" "3.1.0"
    dependencies:
      "@babel/runtime" "^7.6.2"
  
  "@restart/context@^2.1.4":
    "version" "2.1.4"
  
  "@restart/hooks@^0.3.26":
    "version" "0.3.27"
    dependencies:
      "dequal" "^2.0.2"
  
  "@restart/hooks@^0.4.0":
    "version" "0.4.1"
    dependencies:
      "dequal" "^2.0.2"
  
  "@restart/ui@^0.2.3":
    "version" "0.2.3"
    dependencies:
      "@babel/runtime" "^7.13.16"
      "@popperjs/core" "^2.10.1"
      "@react-aria/ssr" "^3.0.1"
      "@restart/hooks" "^0.4.0"
      "@types/warning" "^3.0.0"
      "dequal" "^2.0.2"
      "dom-helpers" "^5.2.0"
      "prop-types" "^15.7.2"
      "uncontrollable" "^7.2.1"
      "warning" "^4.0.3"
  
  "@tootallnate/once@2":
    "version" "2.0.0"
  
  "@types/invariant@^2.2.33":
    "version" "2.2.35"
  
  "@types/node@*":
    "version" "16.11.10"
  
  "@types/prop-types@*", "@types/prop-types@^15.7.3":
    "version" "15.7.4"
  
  "@types/react-transition-group@^4.2.0", "@types/react-transition-group@^4.4.1":
    "version" "4.4.4"
    dependencies:
      "@types/react" "*"
  
  "@types/react@*", "@types/react@^16.8.6 || ^17.0.0", "@types/react@>=16.14.8", "@types/react@>=16.9.11":
    "version" "17.0.37"
    dependencies:
      "@types/prop-types" "*"
      "@types/scheduler" "*"
      "csstype" "^3.0.2"
  
  "@types/scheduler@*":
    "version" "0.16.2"
  
  "@types/warning@^3.0.0":
    "version" "3.0.0"
  
  "abab@^2.0.3", "abab@^2.0.5":
    "version" "2.0.5"
  
  "acorn-globals@^6.0.0":
    "version" "6.0.0"
    dependencies:
      "acorn" "^7.1.1"
      "acorn-walk" "^7.1.1"
  
  "acorn-walk@^7.1.1":
    "version" "7.2.0"
  
  "acorn@^7.1.1":
    "version" "7.4.1"
  
  "acorn@^8.5.0", "acorn@8.5.0":
    "version" "8.5.0"
  
  "agent-base@6":
    "version" "6.0.2"
    dependencies:
      "debug" "4"
  
  "ajv@^6.12.3":
    "version" "6.12.6"
    dependencies:
      "fast-deep-equal" "^3.1.1"
      "fast-json-stable-stringify" "^2.0.0"
      "json-schema-traverse" "^0.4.1"
      "uri-js" "^4.2.2"
  
  "anser@1.4.9":
    "version" "1.4.9"
  
  "ansi-regex@^5.0.1":
    "version" "5.0.1"
  
  "ansi-styles@^3.2.1":
    "version" "3.2.1"
    dependencies:
      "color-convert" "^1.9.0"
  
  "ansi-styles@^4.1.0":
    "version" "4.3.0"
    dependencies:
      "color-convert" "^2.0.1"
  
  "anymatch@~3.1.1":
    "version" "3.1.2"
    dependencies:
      "normalize-path" "^3.0.0"
      "picomatch" "^2.0.4"
  
  "asn1.js@^5.2.0":
    "version" "5.4.1"
    dependencies:
      "bn.js" "^4.0.0"
      "inherits" "^2.0.1"
      "minimalistic-assert" "^1.0.0"
      "safer-buffer" "^2.1.0"
  
  "asn1@~0.2.3":
    "version" "0.2.6"
    dependencies:
      "safer-buffer" "~2.1.0"
  
  "assert-plus@^1.0.0", "assert-plus@1.0.0":
    "version" "1.0.0"
  
  "assert@2.0.0":
    "version" "2.0.0"
    dependencies:
      "es6-object-assign" "^1.1.0"
      "is-nan" "^1.2.1"
      "object-is" "^1.0.1"
      "util" "^0.12.0"
  
  "async@^3.1.0":
    "version" "3.2.2"
  
  "asynckit@^0.4.0":
    "version" "0.4.0"
  
  "available-typed-arrays@^1.0.5":
    "version" "1.0.5"
  
  "aws-sign2@~0.7.0":
    "version" "0.7.0"
  
  "aws4@^1.8.0":
    "version" "1.11.0"
  
  "axios@^0.24.0":
    "version" "0.24.0"
    dependencies:
      "follow-redirects" "^1.14.4"
  
  "backbone-undo@^0.2.5":
    "version" "0.2.5"
    dependencies:
      "backbone" "1.0.0 - 1.2.1"
      "underscore" "1.4.4 - 1.8.3"
  
  "backbone@1.0.0 - 1.2.1":
    "version" "1.2.1"
    dependencies:
      "underscore" ">=1.7.0"
  
  "backbone@1.3.3":
    "version" "1.3.3"
    dependencies:
      "underscore" ">=1.8.3"
  
  "base64-js@^1.0.2":
    "version" "1.5.1"
  
  "bcrypt-pbkdf@^1.0.0":
    "version" "1.0.2"
    dependencies:
      "tweetnacl" "^0.14.3"
  
  "big.js@^5.2.2":
    "version" "5.2.2"
  
  "binary-extensions@^2.0.0":
    "version" "2.2.0"
  
  "bn.js@^4.0.0", "bn.js@^4.1.0", "bn.js@^4.11.9":
    "version" "4.12.0"
  
  "bn.js@^5.0.0":
    "version" "5.2.0"
  
  "bn.js@^5.1.1":
    "version" "5.2.0"
  
  "boolbase@~1.0.0":
    "version" "1.0.0"
  
  "bootstrap@5.1.3":
    "version" "5.1.3"
  
  "braces@~3.0.2":
    "version" "3.0.2"
    dependencies:
      "fill-range" "^7.0.1"
  
  "brorand@^1.0.1", "brorand@^1.1.0":
    "version" "1.1.0"
  
  "browser-process-hrtime@^1.0.0":
    "version" "1.0.0"
  
  "browserify-aes@^1.0.0", "browserify-aes@^1.0.4":
    "version" "1.2.0"
    dependencies:
      "buffer-xor" "^1.0.3"
      "cipher-base" "^1.0.0"
      "create-hash" "^1.1.0"
      "evp_bytestokey" "^1.0.3"
      "inherits" "^2.0.1"
      "safe-buffer" "^5.0.1"
  
  "browserify-cipher@^1.0.0":
    "version" "1.0.1"
    dependencies:
      "browserify-aes" "^1.0.4"
      "browserify-des" "^1.0.0"
      "evp_bytestokey" "^1.0.0"
  
  "browserify-des@^1.0.0":
    "version" "1.0.2"
    dependencies:
      "cipher-base" "^1.0.1"
      "des.js" "^1.0.0"
      "inherits" "^2.0.1"
      "safe-buffer" "^5.1.2"
  
  "browserify-rsa@^4.0.0", "browserify-rsa@^4.0.1":
    "version" "4.1.0"
    dependencies:
      "bn.js" "^5.0.0"
      "randombytes" "^2.0.1"
  
  "browserify-sign@^4.0.0":
    "version" "4.2.1"
    dependencies:
      "bn.js" "^5.1.1"
      "browserify-rsa" "^4.0.1"
      "create-hash" "^1.2.0"
      "create-hmac" "^1.1.7"
      "elliptic" "^6.5.3"
      "inherits" "^2.0.4"
      "parse-asn1" "^5.1.5"
      "readable-stream" "^3.6.0"
      "safe-buffer" "^5.2.0"
  
  "browserify-zlib@0.2.0":
    "version" "0.2.0"
    dependencies:
      "pako" "~1.0.5"
  
  "browserslist@4.16.6":
    "version" "4.16.6"
    dependencies:
      "caniuse-lite" "^1.0.30001219"
      "colorette" "^1.2.2"
      "electron-to-chromium" "^1.3.723"
      "escalade" "^3.1.1"
      "node-releases" "^1.1.71"
  
  "buffer-xor@^1.0.3":
    "version" "1.0.3"
  
  "buffer@5.6.0":
    "version" "5.6.0"
    dependencies:
      "base64-js" "^1.0.2"
      "ieee754" "^1.1.4"
  
  "builtin-status-codes@^3.0.0":
    "version" "3.0.0"
  
  "bytes@3.1.0":
    "version" "3.1.0"
  
  "call-bind@^1.0.0", "call-bind@^1.0.2":
    "version" "1.0.2"
    dependencies:
      "function-bind" "^1.1.1"
      "get-intrinsic" "^1.0.2"
  
  "caniuse-lite@^1.0.30001202", "caniuse-lite@^1.0.30001219", "caniuse-lite@^1.0.30001228":
    "version" "1.0.30001283"
  
  "caseless@~0.12.0":
    "version" "0.12.0"
  
  "chalk@^2.0.0", "chalk@^2.4.2", "chalk@2.4.2":
    "version" "2.4.2"
    dependencies:
      "ansi-styles" "^3.2.1"
      "escape-string-regexp" "^1.0.5"
      "supports-color" "^5.3.0"
  
  "chalk@4.0.0":
    "version" "4.0.0"
    dependencies:
      "ansi-styles" "^4.1.0"
      "supports-color" "^7.1.0"
  
  "cheerio@^0.22.0":
    "version" "0.22.0"
    dependencies:
      "css-select" "~1.2.0"
      "dom-serializer" "~0.1.0"
      "entities" "~1.1.1"
      "htmlparser2" "^3.9.1"
      "lodash.assignin" "^4.0.9"
      "lodash.bind" "^4.1.4"
      "lodash.defaults" "^4.0.1"
      "lodash.filter" "^4.4.0"
      "lodash.flatten" "^4.2.0"
      "lodash.foreach" "^4.3.0"
      "lodash.map" "^4.4.0"
      "lodash.merge" "^4.4.0"
      "lodash.pick" "^4.2.1"
      "lodash.reduce" "^4.4.0"
      "lodash.reject" "^4.4.0"
      "lodash.some" "^4.4.0"
  
  "chokidar@3.5.1":
    "version" "3.5.1"
    dependencies:
      "anymatch" "~3.1.1"
      "braces" "~3.0.2"
      "glob-parent" "~5.1.0"
      "is-binary-path" "~2.1.0"
      "is-glob" "~4.0.1"
      "normalize-path" "~3.0.0"
      "readdirp" "~3.5.0"
    optionalDependencies:
      "fsevents" "~2.3.1"
  
  "cipher-base@^1.0.0", "cipher-base@^1.0.1", "cipher-base@^1.0.3":
    "version" "1.0.4"
    dependencies:
      "inherits" "^2.0.1"
      "safe-buffer" "^5.0.1"
  
  "classnames@^2.3.1":
    "version" "2.3.1"
  
  "classnames@2.2.6":
    "version" "2.2.6"
  
  "clsx@^1.0.4":
    "version" "1.1.1"
  
  "codemirror-formatting@^1.0.0":
    "version" "1.0.0"
  
  "codemirror@^5.63.0":
    "version" "5.64.0"
  
  "color-convert@^1.9.0":
    "version" "1.9.3"
    dependencies:
      "color-name" "1.1.3"
  
  "color-convert@^2.0.1":
    "version" "2.0.1"
    dependencies:
      "color-name" "~1.1.4"
  
  "color-name@~1.1.4":
    "version" "1.1.4"
  
  "color-name@1.1.3":
    "version" "1.1.3"
  
  "colorette@^1.2.2":
    "version" "1.4.0"
  
  "combined-stream@^1.0.6", "combined-stream@^1.0.8", "combined-stream@~1.0.6":
    "version" "1.0.8"
    dependencies:
      "delayed-stream" "~1.0.0"
  
  "commander@^2.15.1":
    "version" "2.20.3"
  
  "commondir@^1.0.1":
    "version" "1.0.1"
  
  "constants-browserify@1.0.0":
    "version" "1.0.0"
  
  "convert-source-map@1.7.0":
    "version" "1.7.0"
    dependencies:
      "safe-buffer" "~5.1.1"
  
  "core-util-is@~1.0.0":
    "version" "1.0.3"
  
  "core-util-is@1.0.2":
    "version" "1.0.2"
  
  "create-ecdh@^4.0.0":
    "version" "4.0.4"
    dependencies:
      "bn.js" "^4.1.0"
      "elliptic" "^6.5.3"
  
  "create-hash@^1.1.0", "create-hash@^1.1.2", "create-hash@^1.2.0":
    "version" "1.2.0"
    dependencies:
      "cipher-base" "^1.0.1"
      "inherits" "^2.0.1"
      "md5.js" "^1.3.4"
      "ripemd160" "^2.0.1"
      "sha.js" "^2.4.0"
  
  "create-hmac@^1.1.0", "create-hmac@^1.1.4", "create-hmac@^1.1.7":
    "version" "1.1.7"
    dependencies:
      "cipher-base" "^1.0.3"
      "create-hash" "^1.1.0"
      "inherits" "^2.0.1"
      "ripemd160" "^2.0.0"
      "safe-buffer" "^5.0.1"
      "sha.js" "^2.4.8"
  
  "cross-spawn@^5.1.0":
    "version" "5.1.0"
    dependencies:
      "lru-cache" "^4.0.1"
      "shebang-command" "^1.2.0"
      "which" "^1.2.9"
  
  "crypto-browserify@3.12.0":
    "version" "3.12.0"
    dependencies:
      "browserify-cipher" "^1.0.0"
      "browserify-sign" "^4.0.0"
      "create-ecdh" "^4.0.0"
      "create-hash" "^1.1.0"
      "create-hmac" "^1.1.0"
      "diffie-hellman" "^5.0.0"
      "inherits" "^2.0.1"
      "pbkdf2" "^3.0.3"
      "public-encrypt" "^4.0.0"
      "randombytes" "^2.0.0"
      "randomfill" "^1.0.3"
  
  "css-select@~1.2.0":
    "version" "1.2.0"
    dependencies:
      "boolbase" "~1.0.0"
      "css-what" "2.1"
      "domutils" "1.5.1"
      "nth-check" "~1.0.1"
  
  "css-vendor@^2.0.8":
    "version" "2.0.8"
    dependencies:
      "@babel/runtime" "^7.8.3"
      "is-in-browser" "^1.0.2"
  
  "css-what@2.1":
    "version" "2.1.3"
  
  "css.escape@1.5.1":
    "version" "1.5.1"
  
  "cssnano-preset-simple@^3.0.0":
    "version" "3.0.0"
    dependencies:
      "caniuse-lite" "^1.0.30001202"
  
  "cssnano-simple@3.0.0":
    "version" "3.0.0"
    dependencies:
      "cssnano-preset-simple" "^3.0.0"
  
  "cssom@^0.5.0":
    "version" "0.5.0"
  
  "cssom@~0.3.6":
    "version" "0.3.8"
  
  "cssstyle@^2.3.0":
    "version" "2.3.0"
    dependencies:
      "cssom" "~0.3.6"
  
  "csstype@^2.5.2":
    "version" "2.6.19"
  
  "csstype@^3.0.2":
    "version" "3.0.10"
  
  "dashdash@^1.12.0":
    "version" "1.14.1"
    dependencies:
      "assert-plus" "^1.0.0"
  
  "data-uri-to-buffer@3.0.1":
    "version" "3.0.1"
  
  "data-urls@^3.0.1":
    "version" "3.0.1"
    dependencies:
      "abab" "^2.0.3"
      "whatwg-mimetype" "^3.0.0"
      "whatwg-url" "^10.0.0"
  
  "datauri@^2.0.0":
    "version" "2.0.0"
    dependencies:
      "image-size" "^0.7.3"
      "mimer" "^1.0.0"
  
  "debug@2":
    "version" "2.6.9"
    dependencies:
      "ms" "2.0.0"
  
  "debug@4":
    "version" "4.3.3"
    dependencies:
      "ms" "2.1.2"
  
  "decimal.js@^10.3.1":
    "version" "10.3.1"
  
  "deep-extend@^0.5.1":
    "version" "0.5.1"
  
  "deep-is@~0.1.3":
    "version" "0.1.4"
  
  "define-properties@^1.1.3":
    "version" "1.1.3"
    dependencies:
      "object-keys" "^1.0.12"
  
  "delayed-stream@~1.0.0":
    "version" "1.0.0"
  
  "depd@~1.1.2":
    "version" "1.1.2"
  
  "dequal@^2.0.2":
    "version" "2.0.2"
  
  "des.js@^1.0.0":
    "version" "1.0.1"
    dependencies:
      "inherits" "^2.0.1"
      "minimalistic-assert" "^1.0.0"
  
  "diffie-hellman@^5.0.0":
    "version" "5.0.3"
    dependencies:
      "bn.js" "^4.1.0"
      "miller-rabin" "^4.0.0"
      "randombytes" "^2.0.0"
  
  "dom-helpers@^5.0.1", "dom-helpers@^5.2.0", "dom-helpers@^5.2.1":
    "version" "5.2.1"
    dependencies:
      "@babel/runtime" "^7.8.7"
      "csstype" "^3.0.2"
  
  "dom-serializer@^1.0.1":
    "version" "1.3.2"
    dependencies:
      "domelementtype" "^2.0.1"
      "domhandler" "^4.2.0"
      "entities" "^2.0.0"
  
  "dom-serializer@~0.1.0":
    "version" "0.1.1"
    dependencies:
      "domelementtype" "^1.3.0"
      "entities" "^1.1.1"
  
  "dom-serializer@0":
    "version" "0.2.2"
    dependencies:
      "domelementtype" "^2.0.1"
      "entities" "^2.0.0"
  
  "domain-browser@4.19.0":
    "version" "4.19.0"
  
  "domelementtype@^1.3.0":
    "version" "1.3.1"
  
  "domelementtype@^1.3.1", "domelementtype@1":
    "version" "1.3.1"
  
  "domelementtype@^2.0.1", "domelementtype@^2.2.0":
    "version" "2.2.0"
  
  "domexception@^4.0.0":
    "version" "4.0.0"
    dependencies:
      "webidl-conversions" "^7.0.0"
  
  "domhandler@^2.3.0":
    "version" "2.4.2"
    dependencies:
      "domelementtype" "1"
  
  "domhandler@^3.0.0":
    "version" "3.3.0"
    dependencies:
      "domelementtype" "^2.0.1"
  
  "domhandler@^4.2.0":
    "version" "4.2.2"
    dependencies:
      "domelementtype" "^2.2.0"
  
  "domutils@^1.5.1":
    "version" "1.7.0"
    dependencies:
      "dom-serializer" "0"
      "domelementtype" "1"
  
  "domutils@^2.0.0":
    "version" "2.8.0"
    dependencies:
      "dom-serializer" "^1.0.1"
      "domelementtype" "^2.2.0"
      "domhandler" "^4.2.0"
  
  "domutils@1.5.1":
    "version" "1.5.1"
    dependencies:
      "dom-serializer" "0"
      "domelementtype" "1"
  
  "ecc-jsbn@~0.1.1":
    "version" "0.1.2"
    dependencies:
      "jsbn" "~0.1.0"
      "safer-buffer" "^2.1.0"
  
  "electron-to-chromium@^1.3.723":
    "version" "1.4.1"
  
  "elliptic@^6.5.3":
    "version" "6.5.4"
    dependencies:
      "bn.js" "^4.11.9"
      "brorand" "^1.1.0"
      "hash.js" "^1.0.0"
      "hmac-drbg" "^1.0.1"
      "inherits" "^2.0.4"
      "minimalistic-assert" "^1.0.1"
      "minimalistic-crypto-utils" "^1.0.1"
  
  "emojis-list@^2.0.0":
    "version" "2.1.0"
  
  "encoding@0.1.13":
    "version" "0.1.13"
    dependencies:
      "iconv-lite" "^0.6.2"
  
  "entities@^1.1.1", "entities@~1.1.1":
    "version" "1.1.2"
  
  "entities@^2.0.0":
    "version" "2.2.0"
  
  "es-abstract@^1.18.5":
    "version" "1.19.1"
    dependencies:
      "call-bind" "^1.0.2"
      "es-to-primitive" "^1.2.1"
      "function-bind" "^1.1.1"
      "get-intrinsic" "^1.1.1"
      "get-symbol-description" "^1.0.0"
      "has" "^1.0.3"
      "has-symbols" "^1.0.2"
      "internal-slot" "^1.0.3"
      "is-callable" "^1.2.4"
      "is-negative-zero" "^2.0.1"
      "is-regex" "^1.1.4"
      "is-shared-array-buffer" "^1.0.1"
      "is-string" "^1.0.7"
      "is-weakref" "^1.0.1"
      "object-inspect" "^1.11.0"
      "object-keys" "^1.1.1"
      "object.assign" "^4.1.2"
      "string.prototype.trimend" "^1.0.4"
      "string.prototype.trimstart" "^1.0.4"
      "unbox-primitive" "^1.0.1"
  
  "es-to-primitive@^1.2.1":
    "version" "1.2.1"
    dependencies:
      "is-callable" "^1.1.4"
      "is-date-object" "^1.0.1"
      "is-symbol" "^1.0.2"
  
  "es6-object-assign@^1.1.0":
    "version" "1.1.0"
  
  "escalade@^3.1.1":
    "version" "3.1.1"
  
  "escape-string-regexp@^1.0.5":
    "version" "1.0.5"
  
  "escodegen@^2.0.0":
    "version" "2.0.0"
    dependencies:
      "esprima" "^4.0.1"
      "estraverse" "^5.2.0"
      "esutils" "^2.0.2"
      "optionator" "^0.8.1"
    optionalDependencies:
      "source-map" "~0.6.1"
  
  "esprima@^4.0.1":
    "version" "4.0.1"
  
  "estraverse@^5.2.0":
    "version" "5.3.0"
  
  "esutils@^2.0.2":
    "version" "2.0.3"
  
  "etag@1.8.1":
    "version" "1.8.1"
  
  "events@3.3.0":
    "version" "3.3.0"
  
  "evp_bytestokey@^1.0.0", "evp_bytestokey@^1.0.3":
    "version" "1.0.3"
    dependencies:
      "md5.js" "^1.3.4"
      "safe-buffer" "^5.1.1"
  
  "extend@~3.0.2":
    "version" "3.0.2"
  
  "extsprintf@^1.2.0":
    "version" "1.4.1"
  
  "extsprintf@1.3.0":
    "version" "1.3.0"
  
  "fast-deep-equal@^3.1.1":
    "version" "3.1.3"
  
  "fast-json-stable-stringify@^2.0.0":
    "version" "2.1.0"
  
  "fast-levenshtein@~2.0.6":
    "version" "2.0.6"
  
  "file-saver@^1.3.2":
    "version" "1.3.8"
  
  "fill-range@^7.0.1":
    "version" "7.0.1"
    dependencies:
      "to-regex-range" "^5.0.1"
  
  "find-cache-dir@3.3.1":
    "version" "3.3.1"
    dependencies:
      "commondir" "^1.0.1"
      "make-dir" "^3.0.2"
      "pkg-dir" "^4.1.0"
  
  "find-up@^4.0.0":
    "version" "4.1.0"
    dependencies:
      "locate-path" "^5.0.0"
      "path-exists" "^4.0.0"
  
  "follow-redirects@^1.14.4":
    "version" "1.14.5"
  
  "foreach@^2.0.5":
    "version" "2.0.5"
  
  "forever-agent@~0.6.1":
    "version" "0.6.1"
  
  "form-data@^4.0.0":
    "version" "4.0.0"
    dependencies:
      "asynckit" "^0.4.0"
      "combined-stream" "^1.0.8"
      "mime-types" "^2.1.12"
  
  "form-data@~2.3.2":
    "version" "2.3.3"
    dependencies:
      "asynckit" "^0.4.0"
      "combined-stream" "^1.0.6"
      "mime-types" "^2.1.12"
  
  "fsevents@~2.3.1":
    "version" "2.3.2"
  
  "function-bind@^1.1.1":
    "version" "1.1.1"
  
  "get-intrinsic@^1.0.2", "get-intrinsic@^1.1.0", "get-intrinsic@^1.1.1":
    "version" "1.1.1"
    dependencies:
      "function-bind" "^1.1.1"
      "has" "^1.0.3"
      "has-symbols" "^1.0.1"
  
  "get-orientation@1.1.2":
    "version" "1.1.2"
    dependencies:
      "stream-parser" "^0.3.1"
  
  "get-symbol-description@^1.0.0":
    "version" "1.0.0"
    dependencies:
      "call-bind" "^1.0.2"
      "get-intrinsic" "^1.1.1"
  
  "getpass@^0.1.1":
    "version" "0.1.7"
    dependencies:
      "assert-plus" "^1.0.0"
  
  "glob-parent@~5.1.0":
    "version" "5.1.2"
    dependencies:
      "is-glob" "^4.0.1"
  
  "glob-to-regexp@^0.4.1":
    "version" "0.4.1"
  
  "graceful-fs@^4.1.2":
    "version" "4.2.8"
  
  "grapesjs-aviary@^0.1.2":
    "version" "0.1.2"
  
  "grapesjs-blocks-basic@^0.1.7":
    "version" "0.1.8"
  
  "grapesjs-component-countdown@^0.1.2":
    "version" "0.1.3"
  
  "grapesjs-navbar@^0.1.5":
    "version" "0.1.5"
  
  "grapesjs-plugin-export@^0.1.5":
    "version" "0.1.5"
    dependencies:
      "file-saver" "^1.3.2"
      "jszip" "^3.0.0"
  
  "grapesjs-plugin-filestack@^0.1.1":
    "version" "0.1.1"
  
  "grapesjs-plugin-forms@^0.3.5":
    "version" "0.3.6"
  
  "grapesjs-preset-newsletter@^0.2.21":
    "version" "0.2.21"
    dependencies:
      "juice" "^4.1.1"
  
  "grapesjs-preset-webpage@^0.1.11":
    "version" "0.1.11"
    dependencies:
      "grapesjs-aviary" "^0.1.2"
      "grapesjs-blocks-basic" "^0.1.7"
      "grapesjs-component-countdown" "^0.1.2"
      "grapesjs-navbar" "^0.1.5"
      "grapesjs-plugin-export" "^0.1.5"
      "grapesjs-plugin-filestack" "^0.1.1"
      "grapesjs-plugin-forms" "^0.3.5"
  
  "grapesjs@^0.17.29", "grapesjs@0.x":
    "version" "0.17.29"
    dependencies:
      "backbone" "1.3.3"
      "backbone-undo" "^0.2.5"
      "codemirror" "^5.63.0"
      "codemirror-formatting" "^1.0.0"
      "promise-polyfill" "^8.1.3"
      "spectrum-colorpicker" "^1.8.0"
      "underscore" "^1.13.1"
  
  "har-schema@^2.0.0":
    "version" "2.0.0"
  
  "har-validator@~5.1.3":
    "version" "5.1.5"
    dependencies:
      "ajv" "^6.12.3"
      "har-schema" "^2.0.0"
  
  "has-bigints@^1.0.1":
    "version" "1.0.1"
  
  "has-flag@^3.0.0":
    "version" "3.0.0"
  
  "has-flag@^4.0.0":
    "version" "4.0.0"
  
  "has-symbols@^1.0.1", "has-symbols@^1.0.2":
    "version" "1.0.2"
  
  "has-tostringtag@^1.0.0":
    "version" "1.0.0"
    dependencies:
      "has-symbols" "^1.0.2"
  
  "has@^1.0.3":
    "version" "1.0.3"
    dependencies:
      "function-bind" "^1.1.1"
  
  "hash-base@^3.0.0":
    "version" "3.1.0"
    dependencies:
      "inherits" "^2.0.4"
      "readable-stream" "^3.6.0"
      "safe-buffer" "^5.2.0"
  
  "hash.js@^1.0.0", "hash.js@^1.0.3":
    "version" "1.1.7"
    dependencies:
      "inherits" "^2.0.3"
      "minimalistic-assert" "^1.0.1"
  
  "he@1.2.0":
    "version" "1.2.0"
  
  "hmac-drbg@^1.0.1":
    "version" "1.0.1"
    dependencies:
      "hash.js" "^1.0.3"
      "minimalistic-assert" "^1.0.0"
      "minimalistic-crypto-utils" "^1.0.1"
  
  "hoist-non-react-statics@^3.3.2":
    "version" "3.3.2"
    dependencies:
      "react-is" "^16.7.0"
  
  "html-encoding-sniffer@^3.0.0":
    "version" "3.0.0"
    dependencies:
      "whatwg-encoding" "^2.0.0"
  
  "htmlparser2@^3.9.1":
    "version" "3.10.1"
    dependencies:
      "domelementtype" "^1.3.1"
      "domhandler" "^2.3.0"
      "domutils" "^1.5.1"
      "entities" "^1.1.1"
      "inherits" "^2.0.1"
      "readable-stream" "^3.1.1"
  
  "htmlparser2@^4.0.0":
    "version" "4.1.0"
    dependencies:
      "domelementtype" "^2.0.1"
      "domhandler" "^3.0.0"
      "domutils" "^2.0.0"
      "entities" "^2.0.0"
  
  "http-errors@1.7.3":
    "version" "1.7.3"
    dependencies:
      "depd" "~1.1.2"
      "inherits" "2.0.4"
      "setprototypeof" "1.1.1"
      "statuses" ">= 1.5.0 < 2"
      "toidentifier" "1.0.0"
  
  "http-proxy-agent@^5.0.0":
    "version" "5.0.0"
    dependencies:
      "@tootallnate/once" "2"
      "agent-base" "6"
      "debug" "4"
  
  "http-signature@~1.2.0":
    "version" "1.2.0"
    dependencies:
      "assert-plus" "^1.0.0"
      "jsprim" "^1.2.2"
      "sshpk" "^1.7.0"
  
  "https-browserify@1.0.0":
    "version" "1.0.0"
  
  "https-proxy-agent@^5.0.0":
    "version" "5.0.0"
    dependencies:
      "agent-base" "6"
      "debug" "4"
  
  "hyphenate-style-name@^1.0.3":
    "version" "1.0.4"
  
  "iconv-lite@^0.6.2", "iconv-lite@0.6.3":
    "version" "0.6.3"
    dependencies:
      "safer-buffer" ">= 2.1.2 < 3.0.0"
  
  "iconv-lite@0.4.24":
    "version" "0.4.24"
    dependencies:
      "safer-buffer" ">= 2.1.2 < 3"
  
  "ieee754@^1.1.4":
    "version" "1.2.1"
  
  "image-size@^0.7.3":
    "version" "0.7.5"
  
  "image-size@1.0.0":
    "version" "1.0.0"
    dependencies:
      "queue" "6.0.2"
  
  "immediate@~3.0.5":
    "version" "3.0.6"
  
  "inherits@^2.0.1", "inherits@^2.0.3", "inherits@^2.0.4", "inherits@~2.0.3", "inherits@~2.0.4", "inherits@2.0.4":
    "version" "2.0.4"
  
  "internal-slot@^1.0.3":
    "version" "1.0.3"
    dependencies:
      "get-intrinsic" "^1.1.0"
      "has" "^1.0.3"
      "side-channel" "^1.0.4"
  
  "invariant@^2.2.4":
    "version" "2.2.4"
    dependencies:
      "loose-envify" "^1.0.0"
  
  "is-arguments@^1.0.4":
    "version" "1.1.1"
    dependencies:
      "call-bind" "^1.0.2"
      "has-tostringtag" "^1.0.0"
  
  "is-bigint@^1.0.1":
    "version" "1.0.4"
    dependencies:
      "has-bigints" "^1.0.1"
  
  "is-binary-path@~2.1.0":
    "version" "2.1.0"
    dependencies:
      "binary-extensions" "^2.0.0"
  
  "is-boolean-object@^1.1.0":
    "version" "1.1.2"
    dependencies:
      "call-bind" "^1.0.2"
      "has-tostringtag" "^1.0.0"
  
  "is-callable@^1.1.4", "is-callable@^1.2.4":
    "version" "1.2.4"
  
  "is-date-object@^1.0.1":
    "version" "1.0.5"
    dependencies:
      "has-tostringtag" "^1.0.0"
  
  "is-extglob@^2.1.1":
    "version" "2.1.1"
  
  "is-generator-function@^1.0.7":
    "version" "1.0.10"
    dependencies:
      "has-tostringtag" "^1.0.0"
  
  "is-glob@^4.0.1", "is-glob@~4.0.1":
    "version" "4.0.3"
    dependencies:
      "is-extglob" "^2.1.1"
  
  "is-in-browser@^1.0.2", "is-in-browser@^1.1.3":
    "version" "1.1.3"
  
  "is-nan@^1.2.1":
    "version" "1.3.2"
    dependencies:
      "call-bind" "^1.0.0"
      "define-properties" "^1.1.3"
  
  "is-negative-zero@^2.0.1":
    "version" "2.0.1"
  
  "is-number-object@^1.0.4":
    "version" "1.0.6"
    dependencies:
      "has-tostringtag" "^1.0.0"
  
  "is-number@^7.0.0":
    "version" "7.0.0"
  
  "is-potential-custom-element-name@^1.0.1":
    "version" "1.0.1"
  
  "is-regex@^1.1.4":
    "version" "1.1.4"
    dependencies:
      "call-bind" "^1.0.2"
      "has-tostringtag" "^1.0.0"
  
  "is-shared-array-buffer@^1.0.1":
    "version" "1.0.1"
  
  "is-string@^1.0.5", "is-string@^1.0.7":
    "version" "1.0.7"
    dependencies:
      "has-tostringtag" "^1.0.0"
  
  "is-symbol@^1.0.2", "is-symbol@^1.0.3":
    "version" "1.0.4"
    dependencies:
      "has-symbols" "^1.0.2"
  
  "is-typed-array@^1.1.3", "is-typed-array@^1.1.7":
    "version" "1.1.8"
    dependencies:
      "available-typed-arrays" "^1.0.5"
      "call-bind" "^1.0.2"
      "es-abstract" "^1.18.5"
      "foreach" "^2.0.5"
      "has-tostringtag" "^1.0.0"
  
  "is-typedarray@~1.0.0":
    "version" "1.0.0"
  
  "is-weakref@^1.0.1":
    "version" "1.0.1"
    dependencies:
      "call-bind" "^1.0.0"
  
  "isarray@~1.0.0":
    "version" "1.0.0"
  
  "isexe@^2.0.0":
    "version" "2.0.0"
  
  "isstream@~0.1.2":
    "version" "0.1.2"
  
  "jest-worker@27.0.0-next.5":
    "version" "27.0.0-next.5"
    dependencies:
      "@types/node" "*"
      "merge-stream" "^2.0.0"
      "supports-color" "^8.0.0"
  
  "jquery@^3.6.0":
    "version" "3.6.0"
  
  "js-tokens@^3.0.0 || ^4.0.0", "js-tokens@^4.0.0":
    "version" "4.0.0"
  
  "jsbn@~0.1.0":
    "version" "0.1.1"
  
  "jsdom@^18.1.1":
    "version" "18.1.1"
    dependencies:
      "abab" "^2.0.5"
      "acorn" "^8.5.0"
      "acorn-globals" "^6.0.0"
      "cssom" "^0.5.0"
      "cssstyle" "^2.3.0"
      "data-urls" "^3.0.1"
      "decimal.js" "^10.3.1"
      "domexception" "^4.0.0"
      "escodegen" "^2.0.0"
      "form-data" "^4.0.0"
      "html-encoding-sniffer" "^3.0.0"
      "http-proxy-agent" "^5.0.0"
      "https-proxy-agent" "^5.0.0"
      "is-potential-custom-element-name" "^1.0.1"
      "nwsapi" "^2.2.0"
      "parse5" "6.0.1"
      "saxes" "^5.0.1"
      "symbol-tree" "^3.2.4"
      "tough-cookie" "^4.0.0"
      "w3c-hr-time" "^1.0.2"
      "w3c-xmlserializer" "^3.0.0"
      "webidl-conversions" "^7.0.0"
      "whatwg-encoding" "^2.0.0"
      "whatwg-mimetype" "^3.0.0"
      "whatwg-url" "^10.0.0"
      "ws" "^8.2.3"
      "xml-name-validator" "^4.0.0"
  
  "json-schema-traverse@^0.4.1":
    "version" "0.4.1"
  
  "json-schema@0.2.3":
    "version" "0.2.3"
  
  "json-stringify-safe@~5.0.1":
    "version" "5.0.1"
  
  "json5@^1.0.1":
    "version" "1.0.1"
    dependencies:
      "minimist" "^1.2.0"
  
  "jsprim@^1.2.2":
    "version" "1.4.1"
    dependencies:
      "assert-plus" "1.0.0"
      "extsprintf" "1.3.0"
      "json-schema" "0.2.3"
      "verror" "1.10.0"
  
  "jss-plugin-camel-case@^10.5.1":
    "version" "10.8.2"
    dependencies:
      "@babel/runtime" "^7.3.1"
      "hyphenate-style-name" "^1.0.3"
      "jss" "10.8.2"
  
  "jss-plugin-default-unit@^10.5.1":
    "version" "10.8.2"
    dependencies:
      "@babel/runtime" "^7.3.1"
      "jss" "10.8.2"
  
  "jss-plugin-global@^10.5.1":
    "version" "10.8.2"
    dependencies:
      "@babel/runtime" "^7.3.1"
      "jss" "10.8.2"
  
  "jss-plugin-nested@^10.5.1":
    "version" "10.8.2"
    dependencies:
      "@babel/runtime" "^7.3.1"
      "jss" "10.8.2"
      "tiny-warning" "^1.0.2"
  
  "jss-plugin-props-sort@^10.5.1":
    "version" "10.8.2"
    dependencies:
      "@babel/runtime" "^7.3.1"
      "jss" "10.8.2"
  
  "jss-plugin-rule-value-function@^10.5.1":
    "version" "10.8.2"
    dependencies:
      "@babel/runtime" "^7.3.1"
      "jss" "10.8.2"
      "tiny-warning" "^1.0.2"
  
  "jss-plugin-vendor-prefixer@^10.5.1":
    "version" "10.8.2"
    dependencies:
      "@babel/runtime" "^7.3.1"
      "css-vendor" "^2.0.8"
      "jss" "10.8.2"
  
  "jss@^10.5.1", "jss@10.8.2":
    "version" "10.8.2"
    dependencies:
      "@babel/runtime" "^7.3.1"
      "csstype" "^3.0.2"
      "is-in-browser" "^1.1.3"
      "tiny-warning" "^1.0.2"
  
  "jszip@^3.0.0":
    "version" "3.7.1"
    dependencies:
      "lie" "~3.3.0"
      "pako" "~1.0.2"
      "readable-stream" "~2.3.6"
      "set-immediate-shim" "~1.0.1"
  
  "juice@^4.1.1":
    "version" "4.3.2"
    dependencies:
      "cheerio" "^0.22.0"
      "commander" "^2.15.1"
      "cross-spawn" "^5.1.0"
      "deep-extend" "^0.5.1"
      "mensch" "^0.3.3"
      "slick" "^1.12.2"
      "web-resource-inliner" "^4.2.1"
  
  "levn@~0.3.0":
    "version" "0.3.0"
    dependencies:
      "prelude-ls" "~1.1.2"
      "type-check" "~0.3.2"
  
  "lie@~3.3.0":
    "version" "3.3.0"
    dependencies:
      "immediate" "~3.0.5"
  
  "loader-utils@1.2.3":
    "version" "1.2.3"
    dependencies:
      "big.js" "^5.2.2"
      "emojis-list" "^2.0.0"
      "json5" "^1.0.1"
  
  "locate-path@^5.0.0":
    "version" "5.0.0"
    dependencies:
      "p-locate" "^4.1.0"
  
  "lodash.assignin@^4.0.9":
    "version" "4.2.0"
  
  "lodash.bind@^4.1.4":
    "version" "4.2.1"
  
  "lodash.defaults@^4.0.1":
    "version" "4.2.0"
  
  "lodash.filter@^4.4.0":
    "version" "4.6.0"
  
  "lodash.flatten@^4.2.0":
    "version" "4.4.0"
  
  "lodash.foreach@^4.3.0":
    "version" "4.5.0"
  
  "lodash.map@^4.4.0":
    "version" "4.6.0"
  
  "lodash.merge@^4.4.0":
    "version" "4.6.2"
  
  "lodash.pick@^4.2.1":
    "version" "4.4.0"
  
  "lodash.reduce@^4.4.0":
    "version" "4.6.0"
  
  "lodash.reject@^4.4.0":
    "version" "4.6.0"
  
  "lodash.some@^4.4.0":
    "version" "4.6.0"
  
  "lodash.sortby@^4.7.0":
    "version" "4.7.0"
  
  "lodash.unescape@^4.0.1":
    "version" "4.0.1"
  
  "loose-envify@^1.0.0", "loose-envify@^1.1.0", "loose-envify@^1.4.0":
    "version" "1.4.0"
    dependencies:
      "js-tokens" "^3.0.0 || ^4.0.0"
  
  "lru-cache@^4.0.1":
    "version" "4.1.5"
    dependencies:
      "pseudomap" "^1.0.2"
      "yallist" "^2.1.2"
  
  "make-dir@^3.0.2":
    "version" "3.1.0"
    dependencies:
      "semver" "^6.0.0"
  
  "md5.js@^1.3.4":
    "version" "1.3.5"
    dependencies:
      "hash-base" "^3.0.0"
      "inherits" "^2.0.1"
      "safe-buffer" "^5.1.2"
  
  "mensch@^0.3.3":
    "version" "0.3.4"
  
  "merge-stream@^2.0.0":
    "version" "2.0.0"
  
  "miller-rabin@^4.0.0":
    "version" "4.0.1"
    dependencies:
      "bn.js" "^4.0.0"
      "brorand" "^1.0.1"
  
  "mime-db@1.51.0":
    "version" "1.51.0"
  
  "mime-types@^2.1.12", "mime-types@~2.1.19":
    "version" "2.1.34"
    dependencies:
      "mime-db" "1.51.0"
  
  "mimer@^1.0.0":
    "version" "1.1.1"
  
  "minimalistic-assert@^1.0.0", "minimalistic-assert@^1.0.1":
    "version" "1.0.1"
  
  "minimalistic-crypto-utils@^1.0.1":
    "version" "1.0.1"
  
  "minimist@^1.2.0":
    "version" "1.2.5"
  
  "ms@2.0.0":
    "version" "2.0.0"
  
  "ms@2.1.2":
    "version" "2.1.2"
  
  "nanoid@^3.1.23":
    "version" "3.1.30"
  
  "next@12.0.3":
    "version" "12.0.3"
    dependencies:
      "@babel/runtime" "7.15.4"
      "@hapi/accept" "5.0.2"
      "@napi-rs/triples" "1.0.3"
      "@next/env" "12.0.3"
      "@next/polyfill-module" "12.0.3"
      "@next/react-dev-overlay" "12.0.3"
      "@next/react-refresh-utils" "12.0.3"
      "acorn" "8.5.0"
      "assert" "2.0.0"
      "browserify-zlib" "0.2.0"
      "browserslist" "4.16.6"
      "buffer" "5.6.0"
      "caniuse-lite" "^1.0.30001228"
      "chalk" "2.4.2"
      "chokidar" "3.5.1"
      "constants-browserify" "1.0.0"
      "crypto-browserify" "3.12.0"
      "cssnano-simple" "3.0.0"
      "domain-browser" "4.19.0"
      "encoding" "0.1.13"
      "etag" "1.8.1"
      "events" "3.3.0"
      "find-cache-dir" "3.3.1"
      "get-orientation" "1.1.2"
      "https-browserify" "1.0.0"
      "image-size" "1.0.0"
      "jest-worker" "27.0.0-next.5"
      "node-fetch" "2.6.1"
      "node-html-parser" "1.4.9"
      "os-browserify" "0.3.0"
      "p-limit" "3.1.0"
      "path-browserify" "1.0.1"
      "postcss" "8.2.15"
      "process" "0.11.10"
      "querystring-es3" "0.2.1"
      "raw-body" "2.4.1"
      "react-is" "17.0.2"
      "react-refresh" "0.8.3"
      "regenerator-runtime" "0.13.4"
      "stream-browserify" "3.0.0"
      "stream-http" "3.1.1"
      "string_decoder" "1.3.0"
      "styled-jsx" "5.0.0-beta.3"
      "timers-browserify" "2.0.12"
      "tty-browserify" "0.0.1"
      "use-subscription" "1.5.1"
      "util" "0.12.4"
      "vm-browserify" "1.1.2"
      "watchpack" "2.1.1"
    optionalDependencies:
      "@next/swc-android-arm64" "12.0.3"
      "@next/swc-darwin-arm64" "12.0.3"
      "@next/swc-darwin-x64" "12.0.3"
      "@next/swc-linux-arm-gnueabihf" "12.0.3"
      "@next/swc-linux-arm64-gnu" "12.0.3"
      "@next/swc-linux-arm64-musl" "12.0.3"
      "@next/swc-linux-x64-gnu" "12.0.3"
      "@next/swc-linux-x64-musl" "12.0.3"
      "@next/swc-win32-arm64-msvc" "12.0.3"
      "@next/swc-win32-ia32-msvc" "12.0.3"
      "@next/swc-win32-x64-msvc" "12.0.3"
  
  "node-fetch@2.6.1":
    "version" "2.6.1"
  
  "node-html-parser@1.4.9":
    "version" "1.4.9"
    dependencies:
      "he" "1.2.0"
  
  "node-releases@^1.1.71":
    "version" "1.1.77"
  
  "normalize-path@^3.0.0", "normalize-path@~3.0.0":
    "version" "3.0.0"
  
  "nth-check@~1.0.1":
    "version" "1.0.2"
    dependencies:
      "boolbase" "~1.0.0"
  
  "nwsapi@^2.2.0":
    "version" "2.2.0"
  
  "oauth-sign@~0.9.0":
    "version" "0.9.0"
  
  "object-assign@^4.1.1":
    "version" "4.1.1"
  
  "object-inspect@^1.11.0", "object-inspect@^1.9.0":
    "version" "1.11.0"
  
  "object-is@^1.0.1":
    "version" "1.1.5"
    dependencies:
      "call-bind" "^1.0.2"
      "define-properties" "^1.1.3"
  
  "object-keys@^1.0.12", "object-keys@^1.1.1":
    "version" "1.1.1"
  
  "object.assign@^4.1.2":
    "version" "4.1.2"
    dependencies:
      "call-bind" "^1.0.0"
      "define-properties" "^1.1.3"
      "has-symbols" "^1.0.1"
      "object-keys" "^1.1.1"
  
  "optionator@^0.8.1":
    "version" "0.8.3"
    dependencies:
      "deep-is" "~0.1.3"
      "fast-levenshtein" "~2.0.6"
      "levn" "~0.3.0"
      "prelude-ls" "~1.1.2"
      "type-check" "~0.3.2"
      "word-wrap" "~1.2.3"
  
  "os-browserify@0.3.0":
    "version" "0.3.0"
  
  "p-limit@^2.2.0":
    "version" "2.3.0"
    dependencies:
      "p-try" "^2.0.0"
  
  "p-limit@3.1.0":
    "version" "3.1.0"
    dependencies:
      "yocto-queue" "^0.1.0"
  
  "p-locate@^4.1.0":
    "version" "4.1.0"
    dependencies:
      "p-limit" "^2.2.0"
  
  "p-try@^2.0.0":
    "version" "2.2.0"
  
  "pako@~1.0.2", "pako@~1.0.5":
    "version" "1.0.11"
  
  "parse-asn1@^5.0.0", "parse-asn1@^5.1.5":
    "version" "5.1.6"
    dependencies:
      "asn1.js" "^5.2.0"
      "browserify-aes" "^1.0.0"
      "evp_bytestokey" "^1.0.0"
      "pbkdf2" "^3.0.3"
      "safe-buffer" "^5.1.1"
  
  "parse5@6.0.1":
    "version" "6.0.1"
  
  "path-browserify@1.0.1":
    "version" "1.0.1"
  
  "path-exists@^4.0.0":
    "version" "4.0.0"
  
  "pbkdf2@^3.0.3":
    "version" "3.1.2"
    dependencies:
      "create-hash" "^1.1.2"
      "create-hmac" "^1.1.4"
      "ripemd160" "^2.0.1"
      "safe-buffer" "^5.0.1"
      "sha.js" "^2.4.8"
  
  "performance-now@^2.1.0":
    "version" "2.1.0"
  
  "picomatch@^2.0.4", "picomatch@^2.2.1":
    "version" "2.3.0"
  
  "pkg-dir@^4.1.0":
    "version" "4.2.0"
    dependencies:
      "find-up" "^4.0.0"
  
  "platform@1.3.6":
    "version" "1.3.6"
  
  "popper.js@1.16.1-lts":
    "version" "1.16.1-lts"
  
  "postcss@^8.2.15", "postcss@8.2.15":
    "version" "8.2.15"
    dependencies:
      "colorette" "^1.2.2"
      "nanoid" "^3.1.23"
      "source-map" "^0.6.1"
  
  "prelude-ls@~1.1.2":
    "version" "1.1.2"
  
  "process-nextick-args@~2.0.0":
    "version" "2.0.1"
  
  "process@0.11.10":
    "version" "0.11.10"
  
  "promise-polyfill@^8.1.3":
    "version" "8.2.1"
  
  "prop-types-extra@^1.1.0":
    "version" "1.1.1"
    dependencies:
      "react-is" "^16.3.2"
      "warning" "^4.0.0"
  
  "prop-types@^15.6.2", "prop-types@^15.7.2":
    "version" "15.7.2"
    dependencies:
      "loose-envify" "^1.4.0"
      "object-assign" "^4.1.1"
      "react-is" "^16.8.1"
  
  "pseudomap@^1.0.2":
    "version" "1.0.2"
  
  "psl@^1.1.28", "psl@^1.1.33":
    "version" "1.8.0"
  
  "public-encrypt@^4.0.0":
    "version" "4.0.3"
    dependencies:
      "bn.js" "^4.1.0"
      "browserify-rsa" "^4.0.0"
      "create-hash" "^1.1.0"
      "parse-asn1" "^5.0.0"
      "randombytes" "^2.0.1"
      "safe-buffer" "^5.1.2"
  
  "punycode@^2.1.0", "punycode@^2.1.1":
    "version" "2.1.1"
  
  "qs@~6.5.2":
    "version" "6.5.2"
  
  "querystring-es3@0.2.1":
    "version" "0.2.1"
  
  "queue@6.0.2":
    "version" "6.0.2"
    dependencies:
      "inherits" "~2.0.3"
  
  "randombytes@^2.0.0", "randombytes@^2.0.1", "randombytes@^2.0.5":
    "version" "2.1.0"
    dependencies:
      "safe-buffer" "^5.1.0"
  
  "randomfill@^1.0.3":
    "version" "1.0.4"
    dependencies:
      "randombytes" "^2.0.5"
      "safe-buffer" "^5.1.0"
  
  "raw-body@2.4.1":
    "version" "2.4.1"
    dependencies:
      "bytes" "3.1.0"
      "http-errors" "1.7.3"
      "iconv-lite" "0.4.24"
      "unpipe" "1.0.0"
  
  "react-bootstrap@^2.0.2":
    "version" "2.0.2"
    dependencies:
      "@babel/runtime" "^7.14.0"
      "@restart/context" "^2.1.4"
      "@restart/hooks" "^0.3.26"
      "@restart/ui" "^0.2.3"
      "@types/invariant" "^2.2.33"
      "@types/prop-types" "^15.7.3"
      "@types/react" ">=16.14.8"
      "@types/react-transition-group" "^4.4.1"
      "@types/warning" "^3.0.0"
      "classnames" "^2.3.1"
      "dom-helpers" "^5.2.1"
      "invariant" "^2.2.4"
      "prop-types" "^15.7.2"
      "prop-types-extra" "^1.1.0"
      "react-transition-group" "^4.4.1"
      "uncontrollable" "^7.2.1"
      "warning" "^4.0.3"
  
  "react-dom@^16.8.0 || ^17.0.0", "react-dom@^17.0.2", "react-dom@^17.0.2 || ^18.0.0", "react-dom@>=16.14.0", "react-dom@>=16.6.0", "react-dom@17.0.2":
    "version" "17.0.2"
    dependencies:
      "loose-envify" "^1.1.0"
      "object-assign" "^4.1.1"
      "scheduler" "^0.20.2"
  
  "react-is@^16.3.2", "react-is@^16.7.0", "react-is@^16.8.1":
    "version" "16.13.1"
  
  "react-is@^16.8.0 || ^17.0.0":
    "version" "17.0.2"
  
  "react-is@17.0.2":
    "version" "17.0.2"
  
  "react-lifecycles-compat@^3.0.4":
    "version" "3.0.4"
  
  "react-refresh@0.8.3":
    "version" "0.8.3"
  
  "react-transition-group@^4.4.0", "react-transition-group@^4.4.1":
    "version" "4.4.2"
    dependencies:
      "@babel/runtime" "^7.5.5"
      "dom-helpers" "^5.0.1"
      "loose-envify" "^1.4.0"
      "prop-types" "^15.6.2"
  
  "react@^16.8.0 || ^17.0.0", "react@^16.8.0 || ^17.0.0-rc.1", "react@^17.0.2", "react@^17.0.2 || ^18.0.0", "react@>= 16.8.0 || 17.x.x || 18.x.x", "react@>=0.14.0", "react@>=15.0.0", "react@>=16.14.0", "react@>=16.3.2", "react@>=16.6.0", "react@>=16.8.0", "react@17.0.2":
    "version" "17.0.2"
    dependencies:
      "loose-envify" "^1.1.0"
      "object-assign" "^4.1.1"
  
  "readable-stream@^3.1.1", "readable-stream@^3.5.0", "readable-stream@^3.6.0":
    "version" "3.6.0"
    dependencies:
      "inherits" "^2.0.3"
      "string_decoder" "^1.1.1"
      "util-deprecate" "^1.0.1"
  
  "readable-stream@~2.3.6":
    "version" "2.3.7"
    dependencies:
      "core-util-is" "~1.0.0"
      "inherits" "~2.0.3"
      "isarray" "~1.0.0"
      "process-nextick-args" "~2.0.0"
      "safe-buffer" "~5.1.1"
      "string_decoder" "~1.1.1"
      "util-deprecate" "~1.0.1"
  
  "readdirp@~3.5.0":
    "version" "3.5.0"
    dependencies:
      "picomatch" "^2.2.1"
  
  "regenerator-runtime@^0.13.4":
    "version" "0.13.9"
  
  "regenerator-runtime@0.13.4":
    "version" "0.13.4"
  
  "request@^2.88.0":
    "version" "2.88.2"
    dependencies:
      "aws-sign2" "~0.7.0"
      "aws4" "^1.8.0"
      "caseless" "~0.12.0"
      "combined-stream" "~1.0.6"
      "extend" "~3.0.2"
      "forever-agent" "~0.6.1"
      "form-data" "~2.3.2"
      "har-validator" "~5.1.3"
      "http-signature" "~1.2.0"
      "is-typedarray" "~1.0.0"
      "isstream" "~0.1.2"
      "json-stringify-safe" "~5.0.1"
      "mime-types" "~2.1.19"
      "oauth-sign" "~0.9.0"
      "performance-now" "^2.1.0"
      "qs" "~6.5.2"
      "safe-buffer" "^5.1.2"
      "tough-cookie" "~2.5.0"
      "tunnel-agent" "^0.6.0"
      "uuid" "^3.3.2"
  
  "ripemd160@^2.0.0", "ripemd160@^2.0.1":
    "version" "2.0.2"
    dependencies:
      "hash-base" "^3.0.0"
      "inherits" "^2.0.1"
  
  "safe-buffer@^5.0.1", "safe-buffer@^5.1.0", "safe-buffer@^5.1.1", "safe-buffer@^5.1.2", "safe-buffer@^5.2.0", "safe-buffer@~5.2.0":
    "version" "5.2.1"
  
  "safe-buffer@~5.1.0", "safe-buffer@~5.1.1":
    "version" "5.1.2"
  
  "safer-buffer@^2.0.2", "safer-buffer@^2.1.0", "safer-buffer@^2.1.2", "safer-buffer@>= 2.1.2 < 3", "safer-buffer@>= 2.1.2 < 3.0.0", "safer-buffer@~2.1.0":
    "version" "2.1.2"
  
  "saxes@^5.0.1":
    "version" "5.0.1"
    dependencies:
      "xmlchars" "^2.2.0"
  
  "scheduler@^0.20.2":
    "version" "0.20.2"
    dependencies:
      "loose-envify" "^1.1.0"
      "object-assign" "^4.1.1"
  
  "semver@^6.0.0":
    "version" "6.3.0"
  
  "set-immediate-shim@~1.0.1":
    "version" "1.0.1"
  
  "setimmediate@^1.0.4":
    "version" "1.0.5"
  
  "setprototypeof@1.1.1":
    "version" "1.1.1"
  
  "sha.js@^2.4.0", "sha.js@^2.4.8":
    "version" "2.4.11"
    dependencies:
      "inherits" "^2.0.1"
      "safe-buffer" "^5.0.1"
  
  "shebang-command@^1.2.0":
    "version" "1.2.0"
    dependencies:
      "shebang-regex" "^1.0.0"
  
  "shebang-regex@^1.0.0":
    "version" "1.0.0"
  
  "shell-quote@1.7.3":
    "version" "1.7.3"
  
  "side-channel@^1.0.4":
    "version" "1.0.4"
    dependencies:
      "call-bind" "^1.0.0"
      "get-intrinsic" "^1.0.2"
      "object-inspect" "^1.9.0"
  
  "slick@^1.12.2":
    "version" "1.12.2"
  
  "source-map@^0.6.1", "source-map@~0.6.1":
    "version" "0.6.1"
  
  "source-map@0.7.3":
    "version" "0.7.3"
  
  "source-map@0.8.0-beta.0":
    "version" "0.8.0-beta.0"
    dependencies:
      "whatwg-url" "^7.0.0"
  
  "spectrum-colorpicker@^1.8.0":
    "version" "1.8.1"
  
  "sshpk@^1.7.0":
    "version" "1.16.1"
    dependencies:
      "asn1" "~0.2.3"
      "assert-plus" "^1.0.0"
      "bcrypt-pbkdf" "^1.0.0"
      "dashdash" "^1.12.0"
      "ecc-jsbn" "~0.1.1"
      "getpass" "^0.1.1"
      "jsbn" "~0.1.0"
      "safer-buffer" "^2.0.2"
      "tweetnacl" "~0.14.0"
  
  "stacktrace-parser@0.1.10":
    "version" "0.1.10"
    dependencies:
      "type-fest" "^0.7.1"
  
  "statuses@>= 1.5.0 < 2":
    "version" "1.5.0"
  
  "stream-browserify@3.0.0":
    "version" "3.0.0"
    dependencies:
      "inherits" "~2.0.4"
      "readable-stream" "^3.5.0"
  
  "stream-http@3.1.1":
    "version" "3.1.1"
    dependencies:
      "builtin-status-codes" "^3.0.0"
      "inherits" "^2.0.4"
      "readable-stream" "^3.6.0"
      "xtend" "^4.0.2"
  
  "stream-parser@^0.3.1":
    "version" "0.3.1"
    dependencies:
      "debug" "2"
  
  "string_decoder@^1.1.1", "string_decoder@1.3.0":
    "version" "1.3.0"
    dependencies:
      "safe-buffer" "~5.2.0"
  
  "string_decoder@~1.1.1":
    "version" "1.1.1"
    dependencies:
      "safe-buffer" "~5.1.0"
  
  "string-hash@1.1.3":
    "version" "1.1.3"
  
  "string.prototype.trimend@^1.0.4":
    "version" "1.0.4"
    dependencies:
      "call-bind" "^1.0.2"
      "define-properties" "^1.1.3"
  
  "string.prototype.trimstart@^1.0.4":
    "version" "1.0.4"
    dependencies:
      "call-bind" "^1.0.2"
      "define-properties" "^1.1.3"
  
  "strip-ansi@6.0.1":
    "version" "6.0.1"
    dependencies:
      "ansi-regex" "^5.0.1"
  
  "styled-jsx@5.0.0-beta.3":
    "version" "5.0.0-beta.3"
    dependencies:
      "@babel/plugin-syntax-jsx" "7.14.5"
      "@babel/types" "7.15.0"
      "convert-source-map" "1.7.0"
      "loader-utils" "1.2.3"
      "source-map" "0.7.3"
      "string-hash" "1.1.3"
      "stylis" "3.5.4"
      "stylis-rule-sheet" "0.0.10"
  
  "stylis-rule-sheet@0.0.10":
    "version" "0.0.10"
  
  "stylis@^3.5.0", "stylis@3.5.4":
    "version" "3.5.4"
  
  "supports-color@^5.3.0":
    "version" "5.5.0"
    dependencies:
      "has-flag" "^3.0.0"
  
  "supports-color@^7.1.0":
    "version" "7.2.0"
    dependencies:
      "has-flag" "^4.0.0"
  
  "supports-color@^8.0.0":
    "version" "8.1.1"
    dependencies:
      "has-flag" "^4.0.0"
  
  "symbol-tree@^3.2.4":
    "version" "3.2.4"
  
  "timers-browserify@2.0.12":
    "version" "2.0.12"
    dependencies:
      "setimmediate" "^1.0.4"
  
  "tiny-warning@^1.0.2":
    "version" "1.0.3"
  
  "to-fast-properties@^2.0.0":
    "version" "2.0.0"
  
  "to-regex-range@^5.0.1":
    "version" "5.0.1"
    dependencies:
      "is-number" "^7.0.0"
  
  "toidentifier@1.0.0":
    "version" "1.0.0"
  
  "tough-cookie@^4.0.0":
    "version" "4.0.0"
    dependencies:
      "psl" "^1.1.33"
      "punycode" "^2.1.1"
      "universalify" "^0.1.2"
  
  "tough-cookie@~2.5.0":
    "version" "2.5.0"
    dependencies:
      "psl" "^1.1.28"
      "punycode" "^2.1.1"
  
  "tr46@^1.0.1":
    "version" "1.0.1"
    dependencies:
      "punycode" "^2.1.0"
  
  "tr46@^3.0.0":
    "version" "3.0.0"
    dependencies:
      "punycode" "^2.1.1"
  
  "tty-browserify@0.0.1":
    "version" "0.0.1"
  
  "tunnel-agent@^0.6.0":
    "version" "0.6.0"
    dependencies:
      "safe-buffer" "^5.0.1"
  
  "tweetnacl@^0.14.3", "tweetnacl@~0.14.0":
    "version" "0.14.5"
  
  "type-check@~0.3.2":
    "version" "0.3.2"
    dependencies:
      "prelude-ls" "~1.1.2"
  
  "type-fest@^0.7.1":
    "version" "0.7.1"
  
  "unbox-primitive@^1.0.1":
    "version" "1.0.1"
    dependencies:
      "function-bind" "^1.1.1"
      "has-bigints" "^1.0.1"
      "has-symbols" "^1.0.2"
      "which-boxed-primitive" "^1.0.2"
  
  "uncontrollable@^7.2.1":
    "version" "7.2.1"
    dependencies:
      "@babel/runtime" "^7.6.3"
      "@types/react" ">=16.9.11"
      "invariant" "^2.2.4"
      "react-lifecycles-compat" "^3.0.4"
  
  "underscore@^1.13.1", "underscore@>=1.8.3":
    "version" "1.13.1"
  
  "underscore@>=1.7.0":
    "version" "1.13.1"
  
  "underscore@1.4.4 - 1.8.3":
    "version" "1.8.3"
  
  "universalify@^0.1.2":
    "version" "0.1.2"
  
  "unpipe@1.0.0":
    "version" "1.0.0"
  
  "uri-js@^4.2.2":
    "version" "4.4.1"
    dependencies:
      "punycode" "^2.1.0"
  
  "use-subscription@1.5.1":
    "version" "1.5.1"
    dependencies:
      "object-assign" "^4.1.1"
  
  "util-deprecate@^1.0.1", "util-deprecate@~1.0.1":
    "version" "1.0.2"
  
  "util@^0.12.0", "util@0.12.4":
    "version" "0.12.4"
    dependencies:
      "inherits" "^2.0.3"
      "is-arguments" "^1.0.4"
      "is-generator-function" "^1.0.7"
      "is-typed-array" "^1.1.3"
      "safe-buffer" "^5.1.2"
      "which-typed-array" "^1.1.2"
  
  "uuid@^3.3.2":
    "version" "3.4.0"
  
  "valid-data-url@^2.0.0":
    "version" "2.0.0"
  
  "verror@1.10.0":
    "version" "1.10.0"
    dependencies:
      "assert-plus" "^1.0.0"
      "core-util-is" "1.0.2"
      "extsprintf" "^1.2.0"
  
  "vm-browserify@1.1.2":
    "version" "1.1.2"
  
  "w3c-hr-time@^1.0.2":
    "version" "1.0.2"
    dependencies:
      "browser-process-hrtime" "^1.0.0"
  
  "w3c-xmlserializer@^3.0.0":
    "version" "3.0.0"
    dependencies:
      "xml-name-validator" "^4.0.0"
  
  "warning@^4.0.0", "warning@^4.0.3":
    "version" "4.0.3"
    dependencies:
      "loose-envify" "^1.0.0"
  
  "watchpack@2.1.1":
    "version" "2.1.1"
    dependencies:
      "glob-to-regexp" "^0.4.1"
      "graceful-fs" "^4.1.2"
  
  "web-resource-inliner@^4.2.1":
    "version" "4.3.4"
    dependencies:
      "async" "^3.1.0"
      "chalk" "^2.4.2"
      "datauri" "^2.0.0"
      "htmlparser2" "^4.0.0"
      "lodash.unescape" "^4.0.1"
      "request" "^2.88.0"
      "safer-buffer" "^2.1.2"
      "valid-data-url" "^2.0.0"
      "xtend" "^4.0.2"
  
  "webidl-conversions@^4.0.2":
    "version" "4.0.2"
  
  "webidl-conversions@^7.0.0":
    "version" "7.0.0"
  
  "whatwg-encoding@^2.0.0":
    "version" "2.0.0"
    dependencies:
      "iconv-lite" "0.6.3"
  
  "whatwg-mimetype@^3.0.0":
    "version" "3.0.0"
  
  "whatwg-url@^10.0.0":
    "version" "10.0.0"
    dependencies:
      "tr46" "^3.0.0"
      "webidl-conversions" "^7.0.0"
  
  "whatwg-url@^7.0.0":
    "version" "7.1.0"
    dependencies:
      "lodash.sortby" "^4.7.0"
      "tr46" "^1.0.1"
      "webidl-conversions" "^4.0.2"
  
  "which-boxed-primitive@^1.0.2":
    "version" "1.0.2"
    dependencies:
      "is-bigint" "^1.0.1"
      "is-boolean-object" "^1.1.0"
      "is-number-object" "^1.0.4"
      "is-string" "^1.0.5"
      "is-symbol" "^1.0.3"
  
  "which-typed-array@^1.1.2":
    "version" "1.1.7"
    dependencies:
      "available-typed-arrays" "^1.0.5"
      "call-bind" "^1.0.2"
      "es-abstract" "^1.18.5"
      "foreach" "^2.0.5"
      "has-tostringtag" "^1.0.0"
      "is-typed-array" "^1.1.7"
  
  "which@^1.2.9":
    "version" "1.3.1"
    dependencies:
      "isexe" "^2.0.0"
  
  "word-wrap@~1.2.3":
    "version" "1.2.3"
  
  "ws@^8.2.3":
    "version" "8.3.0"
  
  "xml-name-validator@^4.0.0":
    "version" "4.0.0"
  
  "xmlchars@^2.2.0":
    "version" "2.2.0"
  
  "xtend@^4.0.2":
    "version" "4.0.2"
  
  "yallist@^2.1.2":
    "version" "2.1.2"
  
  "yocto-queue@^0.1.0":
    "version" "0.1.0"
